<?xml version="1.0" encoding="UTF-8"?>
<testsuite xmlns:xsi="http://www.w3.org/2001/XMLSchema-instance" xsi:noNamespaceSchemaLocation="https://maven.apache.org/surefire/maven-surefire-plugin/xsd/surefire-test-report-3.0.xsd" version="3.0" name="com.devforge.workspace.WorkspaceServiceTest" time="0.154" tests="3" errors="0" skipped="0" failures="0">
  <properties>
[...]
</properties>
  <testcase name="getWorkspaceById_Unauthorized" classname="com.devforge.workspace.WorkspaceServiceTest" time="0.136"/>
  <testcase name="createWorkspace_Success" classname="com.devforge.workspace.WorkspaceServiceTest" time="0.01"/>
  <testcase name="createWorkspace_SlugConflict" classname="com.devforge.workspace.WorkspaceServiceTest" time="0.005"/>
</testsuite>